{"total": {"lines":{"total":255,"covered":202,"skipped":0,"pct":79.21},"statements":{"total":255,"covered":202,"skipped":0,"pct":79.21},"functions":{"total":23,"covered":13,"skipped":0,"pct":56.52},"branches":{"total":163,"covered":135,"skipped":0,"pct":82.82},"branchesTrue":{"total":0,"covered":0,"skipped":0,"pct":100}}
,"/home/mario/Desktop/Faculdade/ClinicApp/backend/src/modules/absences/absences.ts": {"lines":{"total":69,"covered":66,"skipped":0,"pct":95.65},"functions":{"total":6,"covered":6,"skipped":0,"pct":100},"statements":{"total":69,"covered":66,"skipped":0,"pct":95.65},"branches":{"total":74,"covered":61,"skipped":0,"pct":82.43}}
,"/home/mario/Desktop/Faculdade/ClinicApp/backend/src/modules/absences/attachments.controller.ts": {"lines":{"total":23,"covered":23,"skipped":0,"pct":100},"functions":{"total":7,"covered":0,"skipped":0,"pct":0},"statements":{"total":23,"covered":23,"skipped":0,"pct":100},"branches":{"total":0,"covered":0,"skipped":0,"pct":100}}
,"/home/mario/Desktop/Faculdade/ClinicApp/backend/src/modules/absences/certificates.ts": {"lines":{"total":59,"covered":13,"skipped":0,"pct":22.03},"functions":{"total":3,"covered":0,"skipped":0,"pct":0},"statements":{"total":59,"covered":13,"skipped":0,"pct":22.03},"branches":{"total":0,"covered":0,"skipped":0,"pct":100}}
,"/home/mario/Desktop/Faculdade/ClinicApp/backend/src/modules/confirmation/confirmation.ts": {"lines":{"total":39,"covered":35,"skipped":0,"pct":89.74},"functions":{"total":2,"covered":2,"skipped":0,"pct":100},"statements":{"total":39,"covered":35,"skipped":0,"pct":89.74},"branches":{"total":26,"covered":23,"skipped":0,"pct":88.46}}
,"/home/mario/Desktop/Faculdade/ClinicApp/backend/src/modules/fitting/fitting.ts": {"lines":{"total":65,"covered":65,"skipped":0,"pct":100},"functions":{"total":5,"covered":5,"skipped":0,"pct":100},"statements":{"total":65,"covered":65,"skipped":0,"pct":100},"branches":{"total":63,"covered":51,"skipped":0,"pct":80.95}}
}
